{"name": "Залогиненный пользователь может оформить заказ", "status": "broken", "statusDetails": {"message": "selenium.common.exceptions.MoveTargetOutOfBoundsException: Message: Move target (238, 791) is out of bounds of viewport dimensions (1440, 722)\nStacktrace:\nRemoteError@chrome://remote/content/shared/RemoteError.sys.mjs:8:8\nWebDriverError@chrome://remote/content/shared/webdriver/Errors.sys.mjs:193:5\nMoveTargetOutOfBoundsError@chrome://remote/content/shared/webdriver/Errors.sys.mjs:479:5\nassertInViewPort@chrome://remote/content/shared/webdriver/Actions.sys.mjs:2338:11\ndispatch@chrome://remote/content/shared/webdriver/Actions.sys.mjs:1144:21\ndispatch/pendingEvents<@chrome://remote/content/shared/webdriver/Actions.sys.mjs:2010:14\ndispatch@chrome://remote/content/shared/webdriver/Actions.sys.mjs:2009:39\ndispatch/chainEvents<@chrome://remote/content/shared/webdriver/Actions.sys.mjs:1920:27\ndispatch@chrome://remote/content/shared/webdriver/Actions.sys.mjs:1922:7\nperformActions@chrome://remote/content/marionette/actors/MarionetteCommandsChild.sys.mjs:508:23\nreceiveMessage@chrome://remote/content/marionette/actors/MarionetteCommandsChild.sys.mjs:143:31", "trace": "self = <tests.test_basic_functionality.TestBasicFunctionality object at 0x10467b3b0>\ndriver = <selenium.webdriver.firefox.webdriver.WebDriver (session=\"d04cff85-f22b-45e4-a662-5029dda33aa6\")>\nuser = {'email': 'jxswwnwper@yandex.ru', 'name': 'pwfjyjvvpr', 'password': 'ymxuhalzce', 'token': 'Bearer eyJhbGciOiJIUzI1NiI...DM4OWVkMjgwMDAxYjQwZTQzYyIsImlhdCI6MTcxNTU0ODIxNiwiZXhwIjoxNzE1NTQ5NDE2fQ.gHyAAzvIfiF0srW6D5rCsm4nw1NhtjWZl1seZB0vsVw'}\n\n    @allure.title('Залогиненный пользователь может оформить заказ')\n    @allure.description('Авторизуемся, добавляем ингредиенты в корзину и нажимаем кнопку \"Оформить заказ\" \\n'\n                        'Проверяем, что в модальном окне с информацией о созданном заказе '\n                        'есть строка \"Ваш заказ начали готовить\"')\n    def test_authorized_user_can_create_order(self, driver, user):\n        main_page = MainPage(driver)\n        main_page.click_on_login_to_account_button()\n        login_page = LoginPage(driver)\n        login_page.fill_email_input_field(user[\"email\"])\n        login_page.fill_password_input_field(user[\"password\"])\n        login_page.click_login_button()\n        main_page.transit_to_ingredient_section(\"Булки\")\n        main_page.drag_ingredient_on_order_basket(\"Флюоресцентная булка R2-D3\")\n        main_page.transit_to_ingredient_section(\"Соусы\")\n        main_page.drag_ingredient_on_order_basket(\"Соус фирменный Space Sauce\")\n        main_page.transit_to_ingredient_section(\"Начинки\")\n>       main_page.drag_ingredient_on_order_basket(\"Мясо бессмертных моллюсков Protostomia\")\n\ntests/test_basic_functionality.py:89: \n_ _ _ _ _ _ _ _ _ _ _ _ _ _ _ _ _ _ _ _ _ _ _ _ _ _ _ _ _ _ _ _ _ _ _ _ _ _ _ _ _ _ _ _ _ _ _ _ _ _ _ _ _ _ _ _ _ _ _ _ _ _ _ _ _ _ _ _ _ _ _ _ _ _ _ _ _ _ _ _ _ _ _ _\npages/main_page.py:36: in drag_ingredient_on_order_basket\n    self.drag_and_drop_element(ingredient_locator, MainPageLocators.ORDER_BASKET)\npages/base_page.py:34: in drag_and_drop_element\n    ActionChains(self.driver).drag_and_drop(locator_from, locator_to).perform()\nvenv/lib/python3.12/site-packages/selenium/webdriver/common/action_chains.py:94: in perform\n    self.w3c_actions.perform()\nvenv/lib/python3.12/site-packages/selenium/webdriver/common/actions/action_builder.py:96: in perform\n    self.driver.execute(Command.W3C_ACTIONS, enc)\nvenv/lib/python3.12/site-packages/selenium/webdriver/remote/webdriver.py:347: in execute\n    self.error_handler.check_response(response)\n_ _ _ _ _ _ _ _ _ _ _ _ _ _ _ _ _ _ _ _ _ _ _ _ _ _ _ _ _ _ _ _ _ _ _ _ _ _ _ _ _ _ _ _ _ _ _ _ _ _ _ _ _ _ _ _ _ _ _ _ _ _ _ _ _ _ _ _ _ _ _ _ _ _ _ _ _ _ _ _ _ _ _ _\n\nself = <selenium.webdriver.remote.errorhandler.ErrorHandler object at 0x10467b2f0>\nresponse = {'status': 500, 'value': '{\"value\":{\"error\":\"move target out of bounds\",\"message\":\"Move target (238, 791) is out of bo...ys.mjs:508:23\\\\nreceiveMessage@chrome://remote/content/marionette/actors/MarionetteCommandsChild.sys.mjs:143:31\\\\n\"}}'}\n\n    def check_response(self, response: Dict[str, Any]) -> None:\n        \"\"\"Checks that a JSON response from the WebDriver does not have an\n        error.\n    \n        :Args:\n         - response - The JSON response from the WebDriver server as a dictionary\n           object.\n    \n        :Raises: If the response contains an error message.\n        \"\"\"\n        status = response.get(\"status\", None)\n        if not status or status == ErrorCode.SUCCESS:\n            return\n        value = None\n        message = response.get(\"message\", \"\")\n        screen: str = response.get(\"screen\", \"\")\n        stacktrace = None\n        if isinstance(status, int):\n            value_json = response.get(\"value\", None)\n            if value_json and isinstance(value_json, str):\n                import json\n    \n                try:\n                    value = json.loads(value_json)\n                    if len(value) == 1:\n                        value = value[\"value\"]\n                    status = value.get(\"error\", None)\n                    if not status:\n                        status = value.get(\"status\", ErrorCode.UNKNOWN_ERROR)\n                        message = value.get(\"value\") or value.get(\"message\")\n                        if not isinstance(message, str):\n                            value = message\n                            message = message.get(\"message\")\n                    else:\n                        message = value.get(\"message\", None)\n                except ValueError:\n                    pass\n    \n        exception_class: Type[WebDriverException]\n        e = ErrorCode()\n        error_codes = [item for item in dir(e) if not item.startswith(\"__\")]\n        for error_code in error_codes:\n            error_info = getattr(ErrorCode, error_code)\n            if isinstance(error_info, list) and status in error_info:\n                exception_class = getattr(ExceptionMapping, error_code, WebDriverException)\n                break\n        else:\n            exception_class = WebDriverException\n    \n        if not value:\n            value = response[\"value\"]\n        if isinstance(value, str):\n            raise exception_class(value)\n        if message == \"\" and \"message\" in value:\n            message = value[\"message\"]\n    \n        screen = None  # type: ignore[assignment]\n        if \"screen\" in value:\n            screen = value[\"screen\"]\n    \n        stacktrace = None\n        st_value = value.get(\"stackTrace\") or value.get(\"stacktrace\")\n        if st_value:\n            if isinstance(st_value, str):\n                stacktrace = st_value.split(\"\\n\")\n            else:\n                stacktrace = []\n                try:\n                    for frame in st_value:\n                        line = frame.get(\"lineNumber\", \"\")\n                        file = frame.get(\"fileName\", \"<anonymous>\")\n                        if line:\n                            file = f\"{file}:{line}\"\n                        meth = frame.get(\"methodName\", \"<anonymous>\")\n                        if \"className\" in frame:\n                            meth = f\"{frame['className']}.{meth}\"\n                        msg = \"    at %s (%s)\"\n                        msg = msg % (meth, file)\n                        stacktrace.append(msg)\n                except TypeError:\n                    pass\n        if exception_class == UnexpectedAlertPresentException:\n            alert_text = None\n            if \"data\" in value:\n                alert_text = value[\"data\"].get(\"text\")\n            elif \"alert\" in value:\n                alert_text = value[\"alert\"].get(\"text\")\n            raise exception_class(message, screen, stacktrace, alert_text)  # type: ignore[call-arg]  # mypy is not smart enough here\n>       raise exception_class(message, screen, stacktrace)\nE       selenium.common.exceptions.MoveTargetOutOfBoundsException: Message: Move target (238, 791) is out of bounds of viewport dimensions (1440, 722)\nE       Stacktrace:\nE       RemoteError@chrome://remote/content/shared/RemoteError.sys.mjs:8:8\nE       WebDriverError@chrome://remote/content/shared/webdriver/Errors.sys.mjs:193:5\nE       MoveTargetOutOfBoundsError@chrome://remote/content/shared/webdriver/Errors.sys.mjs:479:5\nE       assertInViewPort@chrome://remote/content/shared/webdriver/Actions.sys.mjs:2338:11\nE       dispatch@chrome://remote/content/shared/webdriver/Actions.sys.mjs:1144:21\nE       dispatch/pendingEvents<@chrome://remote/content/shared/webdriver/Actions.sys.mjs:2010:14\nE       dispatch@chrome://remote/content/shared/webdriver/Actions.sys.mjs:2009:39\nE       dispatch/chainEvents<@chrome://remote/content/shared/webdriver/Actions.sys.mjs:1920:27\nE       dispatch@chrome://remote/content/shared/webdriver/Actions.sys.mjs:1922:7\nE       performActions@chrome://remote/content/marionette/actors/MarionetteCommandsChild.sys.mjs:508:23\nE       receiveMessage@chrome://remote/content/marionette/actors/MarionetteCommandsChild.sys.mjs:143:31\n\nvenv/lib/python3.12/site-packages/selenium/webdriver/remote/errorhandler.py:229: MoveTargetOutOfBoundsException"}, "description": "Авторизуемся, добавляем ингредиенты в корзину и нажимаем кнопку \"Оформить заказ\" \nПроверяем, что в модальном окне с информацией о созданном заказе есть строка \"Ваш заказ начали готовить\"", "steps": [{"name": "Нажать на кнопку \"Войти в аккаунт\"", "status": "passed", "start": 1715548216070, "stop": 1715548216655}, {"name": "Ввести email", "status": "passed", "parameters": [{"name": "email", "value": "'jxswwnwper@yandex.ru'"}], "start": 1715548216655, "stop": 1715548216694}, {"name": "Ввести пароль", "status": "passed", "parameters": [{"name": "password", "value": "'ymxuhalzce'"}], "start": 1715548216695, "stop": 1715548216709}, {"name": "Нажать кнопку \"Войти\"", "status": "passed", "start": 1715548216709, "stop": 1715548217253}, {"name": "Перейти к заданному разделу в конструкторе", "status": "passed", "parameters": [{"name": "section_name", "value": "'Булки'"}], "start": 1715548217253, "stop": 1715548218298}, {"name": "Перетащить ингредиент в корзину заказа", "status": "passed", "parameters": [{"name": "ingredient", "value": "'Флюоресцентная булка R2-D3'"}], "start": 1715548218299, "stop": 1715548218851}, {"name": "Перейти к заданному разделу в конструкторе", "status": "passed", "parameters": [{"name": "section_name", "value": "'Соусы'"}], "start": 1715548218851, "stop": 1715548219387}, {"name": "Перетащить ингредиент в корзину заказа", "status": "passed", "parameters": [{"name": "ingredient", "value": "'Соус фирменный Space Sauce'"}], "start": 1715548219387, "stop": 1715548219932}, {"name": "Перейти к заданному разделу в конструкторе", "status": "passed", "parameters": [{"name": "section_name", "value": "'Начинки'"}], "start": 1715548219932, "stop": 1715548220480}, {"name": "Перетащить ингредиент в корзину заказа", "status": "broken", "statusDetails": {"message": "selenium.common.exceptions.MoveTargetOutOfBoundsException: Message: Move target (238, 791) is out of bounds of viewport dimensions (1440, 722)\nStacktrace:\nRemoteError@chrome://remote/content/shared/RemoteError.sys.mjs:8:8\nWebDriverError@chrome://remote/content/shared/webdriver/Errors.sys.mjs:193:5\nMoveTargetOutOfBoundsError@chrome://remote/content/shared/webdriver/Errors.sys.mjs:479:5\nassertInViewPort@chrome://remote/content/shared/webdriver/Actions.sys.mjs:2338:11\ndispatch@chrome://remote/content/shared/webdriver/Actions.sys.mjs:1144:21\ndispatch/pendingEvents<@chrome://remote/content/shared/webdriver/Actions.sys.mjs:2010:14\ndispatch@chrome://remote/content/shared/webdriver/Actions.sys.mjs:2009:39\ndispatch/chainEvents<@chrome://remote/content/shared/webdriver/Actions.sys.mjs:1920:27\ndispatch@chrome://remote/content/shared/webdriver/Actions.sys.mjs:1922:7\nperformActions@chrome://remote/content/marionette/actors/MarionetteCommandsChild.sys.mjs:508:23\nreceiveMessage@chrome://remote/content/marionette/actors/MarionetteCommandsChild.sys.mjs:143:31\n\n", "trace": "  File \"/Users/dmitrykhakhin/PycharmProjects/Diplom_3/venv/lib/python3.12/site-packages/allure_commons/_allure.py\", line 192, in impl\n    return func(*a, **kw)\n           ^^^^^^^^^^^^^^\n  File \"/Users/dmitrykhakhin/PycharmProjects/Diplom_3/pages/main_page.py\", line 36, in drag_ingredient_on_order_basket\n    self.drag_and_drop_element(ingredient_locator, MainPageLocators.ORDER_BASKET)\n  File \"/Users/dmitrykhakhin/PycharmProjects/Diplom_3/pages/base_page.py\", line 34, in drag_and_drop_element\n    ActionChains(self.driver).drag_and_drop(locator_from, locator_to).perform()\n  File \"/Users/dmitrykhakhin/PycharmProjects/Diplom_3/venv/lib/python3.12/site-packages/selenium/webdriver/common/action_chains.py\", line 94, in perform\n    self.w3c_actions.perform()\n  File \"/Users/dmitrykhakhin/PycharmProjects/Diplom_3/venv/lib/python3.12/site-packages/selenium/webdriver/common/actions/action_builder.py\", line 96, in perform\n    self.driver.execute(Command.W3C_ACTIONS, enc)\n  File \"/Users/dmitrykhakhin/PycharmProjects/Diplom_3/venv/lib/python3.12/site-packages/selenium/webdriver/remote/webdriver.py\", line 347, in execute\n    self.error_handler.check_response(response)\n  File \"/Users/dmitrykhakhin/PycharmProjects/Diplom_3/venv/lib/python3.12/site-packages/selenium/webdriver/remote/errorhandler.py\", line 229, in check_response\n    raise exception_class(message, screen, stacktrace)\n"}, "parameters": [{"name": "ingredient", "value": "'Мясо бессмертных моллюсков Protostomia'"}], "start": 1715548220480, "stop": 1715548220503}], "parameters": [{"name": "driver", "value": "'firefox'"}], "start": 1715548216070, "stop": 1715548220504, "uuid": "fe72e307-8fe3-469c-9189-ae73700475d2", "historyId": "4cba16ab0cff499ff57c8ca4bc0e275d", "testCaseId": "13a31f0a110384a8ae8c92fcf734e8e3", "fullName": "tests.test_basic_functionality.TestBasicFunctionality#test_authorized_user_can_create_order", "labels": [{"name": "parentSuite", "value": "tests"}, {"name": "suite", "value": "test_basic_functionality"}, {"name": "subSuite", "value": "TestBasicFunctionality"}, {"name": "host", "value": "MacBook-Air--Dmitry.local"}, {"name": "thread", "value": "51173-MainThread"}, {"name": "framework", "value": "pytest"}, {"name": "language", "value": "cpython3"}, {"name": "package", "value": "tests.test_basic_functionality"}]}